<?xml version="1.0" encoding="UTF-8"?>
<!-- Generated by org.testng.reporters.JUnitXMLReporter -->
<testsuite ignored="0" hostname="DESKTOP-V6LFOIA" failures="0" tests="11" name="tutorialsninjaTest" time="0.625" errors="0" timestamp="2023-02-27T16:04:32 IST">
  <testcase classname="FRAMEWORKS.registerfunctionality" name="@BeforeMethod setup" time="0.012">
    <failure type="java.lang.NullPointerException" message="Cannot invoke &amp;quot;String.equalsIgnoreCase(String)&amp;quot; because &amp;quot;browsername&amp;quot; is null">
      <![CDATA[java.lang.NullPointerException: Cannot invoke "String.equalsIgnoreCase(String)" because "browsername" is null
at FRAMEWORKS.base.initilizationsetup(base.java:45)
at FRAMEWORKS.registerfunctionality.setup(registerfunctionality.java:34)
at java.base/java.util.ArrayList.forEach(ArrayList.java:1511)
... Removed 29 stack frames]]>
    </failure>
  </testcase> <!-- @BeforeMethod setup -->
  <testcase classname="FRAMEWORKS.registerfunctionality" name="@AfterMethod teardown" time="0.0">
    <skipped/>
  </testcase> <!-- @AfterMethod teardown -->
  <testcase classname="FRAMEWORKS.registerfunctionality" name="@BeforeMethod setup" time="0.0">
    <skipped/>
  </testcase> <!-- @BeforeMethod setup -->
  <testcase classname="FRAMEWORKS.registerfunctionality" name="@AfterMethod teardown" time="0.0">
    <skipped/>
  </testcase> <!-- @AfterMethod teardown -->
  <testcase classname="FRAMEWORKS.loginFUNCTIONALITY" name="@BeforeMethod setup" time="0.001">
    <failure type="java.lang.NullPointerException" message="Cannot invoke &amp;quot;String.equalsIgnoreCase(String)&amp;quot; because &amp;quot;browsername&amp;quot; is null">
      <![CDATA[java.lang.NullPointerException: Cannot invoke "String.equalsIgnoreCase(String)" because "browsername" is null
at FRAMEWORKS.base.initilizationsetup(base.java:45)
at FRAMEWORKS.loginFUNCTIONALITY.setup(loginFUNCTIONALITY.java:38)
at java.base/java.util.ArrayList.forEach(ArrayList.java:1511)
... Removed 29 stack frames]]>
    </failure>
  </testcase> <!-- @BeforeMethod setup -->
  <testcase classname="FRAMEWORKS.loginFUNCTIONALITY" name="@AfterMethod teardown" time="0.0">
    <skipped/>
  </testcase> <!-- @AfterMethod teardown -->
  <testcase classname="FRAMEWORKS.loginFUNCTIONALITY" name="@BeforeMethod setup" time="0.0">
    <skipped/>
  </testcase> <!-- @BeforeMethod setup -->
  <testcase classname="FRAMEWORKS.loginFUNCTIONALITY" name="@AfterMethod teardown" time="0.0">
    <skipped/>
  </testcase> <!-- @AfterMethod teardown -->
  <testcase classname="FRAMEWORKS.loginFUNCTIONALITY" name="@BeforeMethod setup" time="0.0">
    <skipped/>
  </testcase> <!-- @BeforeMethod setup -->
  <testcase classname="FRAMEWORKS.loginFUNCTIONALITY" name="@AfterMethod teardown" time="0.0">
    <skipped/>
  </testcase> <!-- @AfterMethod teardown -->
  <testcase classname="FRAMEWORKS.loginFUNCTIONALITY" name="@BeforeMethod setup" time="0.0">
    <skipped/>
  </testcase> <!-- @BeforeMethod setup -->
  <testcase classname="FRAMEWORKS.loginFUNCTIONALITY" name="@AfterMethod teardown" time="0.0">
    <skipped/>
  </testcase> <!-- @AfterMethod teardown -->
  <testcase classname="FRAMEWORKS.loginFUNCTIONALITY" name="@BeforeMethod setup" time="0.0">
    <skipped/>
  </testcase> <!-- @BeforeMethod setup -->
  <testcase classname="FRAMEWORKS.loginFUNCTIONALITY" name="@AfterMethod teardown" time="0.0">
    <skipped/>
  </testcase> <!-- @AfterMethod teardown -->
  <testcase classname="FRAMEWORKS.loginFUNCTIONALITY" name="@BeforeMethod setup" time="0.0">
    <skipped/>
  </testcase> <!-- @BeforeMethod setup -->
  <testcase classname="FRAMEWORKS.loginFUNCTIONALITY" name="@AfterMethod teardown" time="0.0">
    <skipped/>
  </testcase> <!-- @AfterMethod teardown -->
  <testcase classname="FRAMEWORKS.searchFUNCTIONALITY" name="@BeforeMethod setup" time="0.001">
    <failure type="java.lang.NullPointerException" message="Cannot invoke &amp;quot;java.util.Properties.getProperty(String)&amp;quot; because &amp;quot;this.prop&amp;quot; is null">
      <![CDATA[java.lang.NullPointerException: Cannot invoke "java.util.Properties.getProperty(String)" because "this.prop" is null
at FRAMEWORKS.searchFUNCTIONALITY.setup(searchFUNCTIONALITY.java:34)
at java.base/java.util.ArrayList.forEach(ArrayList.java:1511)
... Removed 29 stack frames]]>
    </failure>
  </testcase> <!-- @BeforeMethod setup -->
  <testcase classname="FRAMEWORKS.searchFUNCTIONALITY" name="@AfterMethod teardown" time="0.0">
    <skipped/>
  </testcase> <!-- @AfterMethod teardown -->
  <testcase classname="FRAMEWORKS.searchFUNCTIONALITY" name="@BeforeMethod setup" time="0.0">
    <skipped/>
  </testcase> <!-- @BeforeMethod setup -->
  <testcase classname="FRAMEWORKS.searchFUNCTIONALITY" name="@AfterMethod teardown" time="0.0">
    <skipped/>
  </testcase> <!-- @AfterMethod teardown -->
  <testcase classname="FRAMEWORKS.searchFUNCTIONALITY" name="@BeforeMethod setup" time="0.0">
    <skipped/>
  </testcase> <!-- @BeforeMethod setup -->
  <testcase classname="FRAMEWORKS.searchFUNCTIONALITY" name="@AfterMethod teardown" time="0.0">
    <skipped/>
  </testcase> <!-- @AfterMethod teardown -->
  <testcase classname="FRAMEWORKS.registerfunctionality" name="registermandetory" time="0.001">
    <skipped/>
  </testcase> <!-- registermandetory -->
  <testcase classname="FRAMEWORKS.registerfunctionality" name="registerallfields" time="0.001">
    <skipped/>
  </testcase> <!-- registerallfields -->
  <testcase classname="FRAMEWORKS.loginFUNCTIONALITY" name="loginwithvalidcredentials" time="0.0">
    <skipped/>
  </testcase> <!-- loginwithvalidcredentials -->
  <testcase classname="FRAMEWORKS.loginFUNCTIONALITY" name="loginwithvalidcredentials" time="0.0">
    <skipped/>
  </testcase> <!-- loginwithvalidcredentials -->
  <testcase classname="FRAMEWORKS.loginFUNCTIONALITY" name="loginwithinvalidcredentails" time="0.0">
    <skipped/>
  </testcase> <!-- loginwithinvalidcredentails -->
  <testcase classname="FRAMEWORKS.loginFUNCTIONALITY" name="loginwithoutcresentials" time="0.0">
    <skipped/>
  </testcase> <!-- loginwithoutcresentials -->
  <testcase classname="FRAMEWORKS.loginFUNCTIONALITY" name="validgmailinvalipassword" time="0.001">
    <skipped/>
  </testcase> <!-- validgmailinvalipassword -->
  <testcase classname="FRAMEWORKS.loginFUNCTIONALITY" name="validpasswordinvalidgmail" time="0.0">
    <skipped/>
  </testcase> <!-- validpasswordinvalidgmail -->
  <testcase classname="FRAMEWORKS.searchFUNCTIONALITY" name="searchinvalidproduct" time="0.0">
    <skipped/>
  </testcase> <!-- searchinvalidproduct -->
  <testcase classname="FRAMEWORKS.searchFUNCTIONALITY" name="searchvalidproduct" time="0.0">
    <skipped/>
  </testcase> <!-- searchvalidproduct -->
  <testcase classname="FRAMEWORKS.searchFUNCTIONALITY" name="searchwithoutanyproduct" time="0.0">
    <skipped/>
  </testcase> <!-- searchwithoutanyproduct -->
</testsuite> <!-- tutorialsninjaTest -->
